<?xml version="1.0" encoding="UTF-8"?>
<!-- Generated by org.testng.reporters.JUnitReportReporter -->
<testsuite hostname="DESKTOP-59FMM7T" failures="0" tests="3" name="vtiger.Practise.DataProviderPractise" time="0.012" errors="0" timestamp="2022-10-10T22:03:16 IST" skipped="0">
  <testcase classname="vtiger.Practise.DataProviderPractise" name="addPhonesToCartTest" time="0.010"/>
  <system-out/>
  <testcase classname="vtiger.Practise.DataProviderPractise" name="addPhonesToCartTest" time="0.001"/>
  <system-out/>
  <testcase classname="vtiger.Practise.DataProviderPractise" name="addPhonesToCartTest" time="0.001"/>
  <system-out/>
</testsuite> <!-- vtiger.Practise.DataProviderPractise -->
