<?xml version="1.0" encoding="UTF-8"?>
<!-- Generated by org.testng.reporters.JUnitReportReporter -->
<testsuite hostname="DESKTOP-59FMM7T" failures="0" tests="1" name="vtiger.Practise2.Testcase1" time="0.001" errors="0" timestamp="2022-12-03T16:46:00 IST" skipped="0">
  <testcase classname="vtiger.Practise2.Testcase1" name="tc1" time="0.001"/>
  <system-out>
    <![CDATA[Hello Selenium]]>
  </system-out>
</testsuite> <!-- vtiger.Practise2.Testcase1 -->
